<?xml version="1.0" encoding="UTF-8"?>
<testsuite name="com.stockforum.project.StockForumApplicationTests" tests="1" skipped="0" failures="0" errors="0" timestamp="2024-04-19T02:43:38" hostname="Jaewons-MacBook-Pro.local" time="0.9">
  <properties/>
  <testcase name="contextLoads()" classname="com.stockforum.project.StockForumApplicationTests" time="0.9"/>
  <system-out><![CDATA[11:43:36.509 [Test worker] INFO org.springframework.test.context.support.AnnotationConfigContextLoaderUtils -- Could not detect default configuration classes for test class [com.stockforum.project.StockForumApplicationTests]: StockForumApplicationTests does not declare any static, non-private, non-final, nested classes annotated with @Configuration.
11:43:36.605 [Test worker] INFO org.springframework.boot.test.context.SpringBootTestContextBootstrapper -- Found @SpringBootConfiguration com.stockforum.project.StockForumApplication for test class com.stockforum.project.StockForumApplicationTests

  .   ____          _            __ _ _
 /\\ / ___'_ __ _ _(_)_ __  __ _ \ \ \ \
( ( )\___ | '_ | '_| | '_ \/ _` | \ \ \ \
 \\/  ___)| |_)| | | | | || (_| |  ) ) ) )
  '  |____| .__|_| |_|_| |_\__, | / / / /
 =========|_|==============|___/=/_/_/_/
?[32m :: Spring Boot :: ?[39m              ?[2m (v3.2.5)?[0;39m

?[2m2024-04-19T11:43:37.187+09:00?[0;39m ?[32m INFO?[0;39m ?[35m18841?[0;39m ?[2m---?[0;39m ?[2m[    Test worker]?[0;39m ?[2m?[0;39m?[36mc.s.project.StockForumApplicationTests  ?[0;39m ?[2m:?[0;39m Starting StockForumApplicationTests using Java 22.0.1 with PID 18841 (started by jaewon in /Users/jaewon/Documents/stock-forum)
?[2m2024-04-19T11:43:37.189+09:00?[0;39m ?[32m INFO?[0;39m ?[35m18841?[0;39m ?[2m---?[0;39m ?[2m[    Test worker]?[0;39m ?[2m?[0;39m?[36mc.s.project.StockForumApplicationTests  ?[0;39m ?[2m:?[0;39m The following 2 profiles are active: "local", "common"
?[2m2024-04-19T11:43:38.385+09:00?[0;39m ?[32m INFO?[0;39m ?[35m18841?[0;39m ?[2m---?[0;39m ?[2m[    Test worker]?[0;39m ?[2m?[0;39m?[36mc.s.project.StockForumApplicationTests  ?[0;39m ?[2m:?[0;39m Started StockForumApplicationTests in 1.623 seconds (process running for 2.86)
]]></system-out>
  <system-err><![CDATA[WARNING: A Java agent has been loaded dynamically (/Users/jaewon/.gradle/caches/modules-2/files-2.1/net.bytebuddy/byte-buddy-agent/1.14.13/979ce25f7d3096a2e82214ba7dc972a05ce7a171/byte-buddy-agent-1.14.13.jar)
WARNING: If a serviceability tool is in use, please run with -XX:+EnableDynamicAgentLoading to hide this warning
WARNING: If a serviceability tool is not in use, please run with -Djdk.instrument.traceUsage for more information
WARNING: Dynamic loading of agents will be disallowed by default in a future release
]]></system-err>
</testsuite>
